[02:09:51] [main/INFO]: Setting user: Player981
[02:09:52] [Client thread/INFO]: LWJGL Version: 2.9.1
[02:09:52] [Client thread/ERROR]: Couldn't initialize twitch stream
[02:09:55] [Client thread/INFO]: Reloading ResourceManager: Default, FMLFileResourcePack:Forge Mod Loader, FMLFileResourcePack:Minecraft Forge, FMLFileResourcePack:fireflower
[02:09:56] [Sound Library Loader/INFO]: Sound engine started
[02:09:56] [Client thread/INFO]: Created: 512x256 textures/blocks-atlas
[02:09:56] [Client thread/INFO]: Created: 256x256 textures/items-atlas
[02:09:56] [Client thread/INFO]: Reloading ResourceManager: Default, FMLFileResourcePack:Forge Mod Loader, FMLFileResourcePack:Minecraft Forge, FMLFileResourcePack:fireflower
[02:09:56] [Client thread/INFO]: Created: 256x256 textures/items-atlas
[02:09:57] [Client thread/INFO]: Created: 512x256 textures/blocks-atlas
[02:09:57] [Sound Library Loader/INFO]: Sound engine started
[02:10:01] [Server thread/INFO]: Starting integrated minecraft server version 1.7.10
[02:10:01] [Server thread/INFO]: Generating keypair
[02:10:02] [Server thread/INFO]: Preparing start region for level 0
[02:10:02] [Server thread/INFO]: Changing view distance to 12, from 10
[02:10:03] [Server thread/INFO]: Player981[local:E:b09218b9] logged in with entity id 133 at (852.9071822871294, 4.0, -767.5406581090458)
[02:10:03] [Server thread/INFO]: Player981 joined the game
[02:10:05] [Server thread/INFO]: Player981 has just earned the achievement [Taking Inventory]
[02:10:05] [Client thread/INFO]: [CHAT] Player981 has just earned the achievement [Taking Inventory]
[02:10:09] [Server thread/INFO]: Saving and pausing game...
[02:10:09] [Server thread/INFO]: Saving chunks for level 'New World'/Overworld
[02:10:09] [Server thread/INFO]: Saving chunks for level 'New World'/Nether
[02:10:09] [Server thread/INFO]: Saving chunks for level 'New World'/The End
[02:10:09] [Server thread/INFO]: Stopping server
[02:10:09] [Server thread/INFO]: Saving players
[02:10:09] [Server thread/INFO]: Saving worlds
[02:10:09] [Server thread/INFO]: Saving chunks for level 'New World'/Overworld
[02:10:09] [Server thread/INFO]: Saving chunks for level 'New World'/Nether
[02:10:09] [Server thread/INFO]: Saving chunks for level 'New World'/The End
[02:10:10] [Client thread/INFO]: Stopping!
